<?xml version="1.0" encoding="UTF-8"?>
<!-- Generated by org.testng.reporters.JUnitReportReporter -->
<testsuite skipped="0" hostname="Santosh-Joshi" name="GenericScripts.LoginTest" tests="2" failures="0" timestamp="15 Nov 2019 19:19:59 GMT" time="5.366" errors="0">
  <testcase name="TCOHR002" time="2.144" classname="GenericScripts.LoginTest"/>
  <testcase name="TCOHR001" time="3.222" classname="GenericScripts.LoginTest"/>
</testsuite> <!-- GenericScripts.LoginTest -->
