<?xml version="1.0" encoding="UTF-8"?>
<!-- Generated by org.testng.reporters.JUnitReportReporter -->
<testsuite skipped="0" hostname="Santosh-Joshi" name="LoginTests.TCOHRM3" tests="1" failures="0" timestamp="14 Nov 2019 07:44:26 GMT" time="3.729" errors="0">
  <testcase name="loginOHR" time="3.729" classname="LoginTests.TCOHRM3"/>
</testsuite> <!-- LoginTests.TCOHRM3 -->
